Wirelength 241392
Blocks
sb73 317 0 0
sb66 84 0 1
sb36 145 0 0
sb3 0 0 1
sb50 285 0 1
sb84 378 0 1
sb97 67 0 0
sb77 228 0 1
sb99 400 0 0
sb17 184 0 0
sb96 143 67 0
sb49 349 67 0
sb44 265 67 1
sb1 312 67 1
sb93 183 67 1
sb47 110 67 1
sb27 240 67 0
sb21 17 67 1
sb71 218 67 1
sb68 396 67 0
sb14 67 67 1
sb56 0 67 0
sb42 0 133 1
sb8 140 133 0
sb29 218 133 0
sb98 303 133 0
sb72 242 133 1
sb43 94 133 1
sb12 190 133 1
sb54 345 133 0
sb79 53 133 1
sb37 325 133 0
sb62 415 133 1
sb15 363 133 1
sb94 122 195 0
sb11 83 195 0
sb80 246 195 0
sb65 0 195 1
sb13 262 195 0
sb82 163 195 0
sb51 370 195 0
sb16 210 195 0
sb48 56 195 1
sb38 310 195 0
sb86 333 195 1
sb55 408 195 0
sb91 355 254 1
sb39 0 254 0
sb26 52 254 1
sb41 167 254 0
sb52 276 254 1
sb25 237 254 1
sb69 140 254 1
sb34 388 254 0
sb32 194 254 0
sb2 321 254 1
sb10 415 254 0
sb18 92 254 0
sb95 433 254 1
sb64 0 310 0
sb81 50 310 0
sb59 296 310 1
sb19 158 310 0
sb5 217 310 0
sb22 90 310 1
sb23 369 310 0
sb57 389 310 0
sb28 407 310 0
sb58 124 310 1
sb63 333 310 0
sb24 189 310 1
sb67 256 310 1
sb87 88 360 0
sb45 65 360 0
sb0 281 360 1
sb53 127 360 1
sb70 170 360 0
sb74 0 360 0
sb9 243 360 0
sb60 314 360 1
sb7 148 360 0
sb6 413 360 0
sb90 337 360 1
sb46 259 360 1
sb35 212 360 0
sb89 38 360 1
sb88 370 360 1
sb20 394 360 1
sb78 173 404 0
sb33 209 404 1
sb31 106 404 1
sb61 323 404 0
sb76 140 404 1
sb40 77 404 1
sb4 0 404 0
sb75 270 404 1
sb30 244 404 1
sb92 29 404 0
sb85 298 404 1
sb83 55 404 0
